<?xml version="1.0" encoding="UTF-8"?>
<!-- Generated by org.testng.reporters.JUnitXMLReporter -->
<testsuite ignored="0" hostname="DESKTOP-BVGCRPN" failures="1" tests="1" name="test" time="0.07" errors="0" timestamp="2023-05-19T12:12:24 IST">
  <testcase classname="testngdemo.databaseTest" name="getEmployeesFromDataBase" time="0.009">
    <failure type="java.lang.NullPointerException" message="Cannot invoke &amp;quot;java.sql.Connection.createStatement()&amp;quot; because &amp;quot;this.connection&amp;quot; is null">
      <![CDATA[java.lang.NullPointerException: Cannot invoke "java.sql.Connection.createStatement()" because "this.connection" is null
at testngdemo.databaseTest.getEmployeesFromDataBase(databaseTest.java:46)
at java.base/java.util.ArrayList.forEach(ArrayList.java:1511)
... Removed 27 stack frames]]>
    </failure>
  </testcase> <!-- getEmployeesFromDataBase -->
</testsuite> <!-- test -->
