<?xml version="1.0" encoding="UTF-8"?>
<testng-results ignored="0" total="1" passed="1" failed="0" skipped="0">
  <reporter-output>
  </reporter-output>
  <suite started-at="2023-05-19T12:14:00 IST" name="Suite" finished-at="2023-05-19T12:14:03 IST" duration-ms="2520">
    <groups>
    </groups>
    <test started-at="2023-05-19T12:14:00 IST" name="databaseTest" finished-at="2023-05-19T12:14:03 IST" duration-ms="2520">
      <class name="testngdemo.databaseTest">
        <test-method is-config="true" signature="setUp()[pri:0, instance:testngdemo.databaseTest@74751b3]" started-at="2023-05-19T12:14:00 IST" name="setUp" finished-at="2023-05-19T12:14:03 IST" duration-ms="2454" status="PASS">
          <reporter-output>
          </reporter-output>
        </test-method> <!-- setUp -->
        <test-method signature="getEmployeesFromDataBase()[pri:0, instance:testngdemo.databaseTest@74751b3]" started-at="2023-05-19T12:14:03 IST" name="getEmployeesFromDataBase" finished-at="2023-05-19T12:14:03 IST" duration-ms="6" status="PASS">
          <reporter-output>
          </reporter-output>
        </test-method> <!-- getEmployeesFromDataBase -->
        <test-method is-config="true" signature="tearDown()[pri:0, instance:testngdemo.databaseTest@74751b3]" started-at="2023-05-19T12:14:03 IST" name="tearDown" finished-at="2023-05-19T12:14:03 IST" duration-ms="3" status="PASS">
          <reporter-output>
          </reporter-output>
        </test-method> <!-- tearDown -->
      </class> <!-- testngdemo.databaseTest -->
    </test> <!-- databaseTest -->
  </suite> <!-- Suite -->
</testng-results>
